TN:
SF:bot/__init__.py
DA:0,1,1B2M2Y8AsgTpgAmY7PhCfg
LF:0
LH:0
end_of_record
TN:
SF:bot/retrievers/__init__.py
DA:0,1,1B2M2Y8AsgTpgAmY7PhCfg
LF:0
LH:0
end_of_record
TN:
SF:bot/retrievers/custom_retriever.py
DA:1,1,1+9wdnNK6ERHmSA06tdyPQ
DA:6,1,RDWQRIzCg9gLwFgbUhG0ZQ
DA:7,1,97oNYmi8xQccedqGxd27UQ
DA:8,1,Epduv66JxgjoxUaCT3nS2g
DA:11,1,s6T4UohrMBIsrcI68IgiqQ
DA:12,1,XJc56GRwdNlz7Pfca4ta2w
DA:15,1,FhljCPNPys8XCLWkwhX6tQ
DA:16,1,oQZL7x34ZmpY26UrXDNFmQ
DA:19,0,Qa1wQ2wVs41AUQxepYAgAQ
DA:22,0,mRVOQmWFDi50EtfArtMGKw
DA:23,0,ziMwbdP43Yl2rkv+Iw0+Vg
DA:27,0,/pJeNEIa+r0HHLINHDruGg
DA:28,0,GuHBXE7dyAR1Y0ynfbXBjg
DA:31,0,braB6j7cvq7N3Zid4KaqrQ
DA:32,0,5YC65MS1vK1RBYkxZkINoQ
DA:36,0,XlCerKuXPRvHHiX6G4l0nQ
DA:37,0,+4WCHe8YiFhx16gV8PHaiw
DA:38,0,FB660ofQJW2XNi3LECQSFw
DA:41,0,zpXzPHqwITv7OgzCdXjxQQ
DA:42,0,hqLZyd6T1Z9Dbx9cHMDy5g
DA:43,0,mj69/XSznAeubuOVDDQgCA
DA:47,0,36hUmZ4dEI4TxxoXjrxRWg
DA:48,0,GmJAjoIgF9rNAoVVXoryvQ
DA:49,0,4HIKapx7G/1BQUJ4xQuPlA
DA:50,0,qay3E+cJPb5xSdPWZrpBew
DA:51,0,v50IHDAPJiYZpVFrAPWUCQ
DA:52,0,ut8wnco13WKIzqf4F3XevQ
DA:54,0,xGgKt1DFNSwI4OqNYuCmqQ
DA:55,0,XPrAAc6YApLYKhPB2ugc5w
DA:57,0,bsKhhD3OVsNd7qpCNCVshg
DA:59,0,dSnd2LGkYzu2vL0jseg1aA
LF:30
LH:7
end_of_record
TN:
SF:bot/retrievers/forum_summary_retriever.py
DA:1,1,l4yWWF9Yn1gF6iRCnynHUg
DA:2,1,qgap8v00S1Ud7dKp+nEVgg
DA:3,1,ZwFry2q3ybNGgdFz5V3nNw
DA:4,1,S6WdzE5Nj4jcMIr2/RIeEA
DA:7,1,JZoyIbA0/Up5YJXsqDUYFQ
DA:8,1,4LgMgWBGno1n5MNJ8WRFsQ
DA:18,1,C1mbXdO4LpybcjJNbDJYXQ
DA:20,1,f+GuTgPLC7rYJZEnF8KkZg
DA:55,1,Rrf/KyYVoV7ZZGZVZ81NWQ
DA:57,1,/MYzux0mSuxPnCfDB/QApg
DA:64,1,x32FHFF9bNjommgpDHkbdQ
DA:66,1,HDI5TfzjszdVNEtxufbnyg
DA:101,1,exJXoRLYgNNdu03/ShoHrQ
DA:102,1,kUdJgUS+mcODFLg7Fk+OHw
DA:103,1,+f2nVTBEmuKiag075WVHkA
DA:105,1,osmxeRTnhC30Fq8zkebgGw
DA:106,1,0zgtOd30L7H3j7fx+w3Mdg
DA:112,1,K+yjYcF/QNzhfYmE7uZPAw
DA:113,1,9nMOpyz632hMtLnVoiQf0w
DA:115,1,dDsC6FL/ONgaG0AYHRlC5w
DA:117,1,x32FHFF9bNjommgpDHkbdQ
LF:21
LH:21
end_of_record
TN:
SF:bot/retrievers/process_dates.py
DA:1,1,EZEzNmL93PY96zsSuI0PfQ
DA:2,1,w4wzKKlLBqr27YH2UrIkBQ
DA:4,1,KA9tLtxJCmXGWOalg5c/zA
DA:7,1,+QD2wyYZcsC+Xvi5rjfg1w
DA:26,1,bFij5SG38wK0MWxmbT82Rw
DA:27,1,iBjZwelGAT6u9wcCT5RkQw
DA:28,1,K1+sxVnEq9jO8BqcJwVAZw
DA:29,1,pf92umTBWmtiEB1EpuczhA
DA:31,1,2uLiygcEABFP5hS6AeQwHA
DA:34,1,tYltTNWket1uI7UNICnqmw
DA:35,1,RwimGdhYyabPJL4e+Fvqnw
DA:36,1,LTTh/+NrsNUrIQkwnwP3hA
DA:37,1,Da4uV101pljkvITvb/orrw
DA:39,1,p3JK0mYGwzpZUPpV9FxrSg
DA:41,1,7mawqEbVi5mg0yRWqaqupg
LF:15
LH:15
end_of_record
TN:
SF:bot/retrievers/retrieve_similar_nodes.py
DA:1,1,usL6GpKXVxVT8icw7bX7uQ
DA:2,1,nuxjJx40cdYGSgrgJ50F1A
DA:4,1,KA9tLtxJCmXGWOalg5c/zA
DA:5,1,vMmpgxZJRuue6rFB1P0BSg
DA:6,1,qgap8v00S1Ud7dKp+nEVgg
DA:7,1,ZwFry2q3ybNGgdFz5V3nNw
DA:8,1,XJc56GRwdNlz7Pfca4ta2w
DA:9,1,IDxH3gjD3VSVrI4xLmrtQQ
DA:10,1,YQAIr2ESlBeDuRf0TeEF5Q
DA:11,1,2PHsUT6zqyYmFXFvARFHDg
DA:12,1,S6WdzE5Nj4jcMIr2/RIeEA
DA:15,1,IPFoc7JFmfs5ZGCvDdLKww
DA:16,1,mqoJzotpXwlnL7jkyBBK1w
DA:18,1,4LgMgWBGno1n5MNJ8WRFsQ
DA:25,1,GeCb9dZfUzto8bJsxLM/OA
DA:26,1,BOdqpSj22HMpl9h/3UQEnQ
DA:27,1,EEPdD4zi1M7G+hCfGc7kFw
DA:29,1,d+ncuJjKr272GS184mU5Mw
DA:64,1,4lzkDJLlQXSyBjO/ZBZ0tg
DA:65,1,R2Ju8xaiGLrApGDnnYA2Cw
DA:66,1,sXjQBJruC0xTKR4b+u8JIA
DA:67,1,pWP8puMbrWzJ9jyYSNijYg
DA:70,1,1DaXT/QWnDNNMkOiYOOCAg
DA:72,1,M57N117IoUfJdZ4DKcJp9w
DA:73,1,ACylfUs9k82fbh1JUVpkFw
DA:88,1,i9tYTGC/B+qp4Thp+0XtPA
DA:89,1,eJXGGDxmpnTlPApZ05Mm8w
DA:90,1,bkIDFrOGWBbeePkt6w8EJQ
DA:91,1,IDhEFBr50D3yQ1PgRwIPoQ
DA:95,1,DVM8lfdtc7XvpdnChfyzZA
DA:108,1,NYgySTsjOvX0beJFX6yMkQ
DA:109,1,87A78EES6C0LtBxGYDZtBg
DA:111,1,Dza3guFRyWWcXuaktAvUUA
DA:112,1,42k3Krouu/7c6z6xkNm7jg
DA:113,1,74cSsiTs5tJX4LFRiR9Z/A
DA:114,1,NcFv4vwj+pjug1e2Bo890w
DA:115,1,Bp6QbYpwe4PVOg8lbJA/hA
DA:116,1,jrIPKZt5zHATQ3k7gB0zMg
DA:118,1,3X+u/Gx10tHDgUlKjZ9leg
DA:119,1,enK82Bd/RAeIx81NTDQ/7w
DA:124,1,AEFyjNRKgOrooYQ/nYO/gg
DA:127,1,unkkFkVkr+wa6RT5uE8c1w
DA:132,1,HJEWWSze80ShpmLhx/FNmw
DA:137,1,SkkggBMbU32rJ3pNviGxAA
DA:142,1,XDQoFg/N3OcYqb/J4NJzUg
DA:143,1,QAy+2Mz9GQWA6hn/DfyOnw
DA:156,1,Ap+b3WevKixvNInY8BOstQ
DA:158,1,M4Wpq7+IHVDAhVO1Q+IA+w
DA:160,1,tzZodAsv3aFszptj+1OcnQ
DA:161,1,r+V3a23Womuti9fftxA7Lg
DA:165,1,e8upNNRAcwfVSEfPvxiucg
DA:167,1,FIGBJFFS77Q/1c40b8di/A
DA:168,1,NdO+Zxe21pmF6dXu3zWdMw
DA:170,1,UkwhkGz1XXrgDOp60bursg
DA:171,1,Cj+UwANUqSKqiqpqgnF9hA
DA:173,1,X1yR/f77a2wYrip3qWXYBA
DA:182,1,k9pTjjD2vJTvE7PyzhXJPw
DA:183,1,72SNpwVsw/o9etOCZ3VLaA
DA:184,1,5M8S6frycaNS3uQnlnMr2g
DA:186,1,3WsKRpW8oQhkQv0F14ak/w
DA:190,1,mUbbKvPqWHojLjV0v95bwg
DA:191,1,DdHNUt5ovAV1XQYsiT8AiQ
DA:192,1,qay3E+cJPb5xSdPWZrpBew
DA:193,1,v50IHDAPJiYZpVFrAPWUCQ
DA:194,1,siWxFuIgfjXgP30tTFf/aQ
DA:198,1,xGgKt1DFNSwI4OqNYuCmqQ
DA:199,1,XPrAAc6YApLYKhPB2ugc5w
DA:200,1,Rx8CNN7oYnLYIPSkwQ5G2w
DA:202,1,diWaG+5ccHGPOYFR5G1hZw
DA:68,0,H8roOaxT/dA+ek63CQkNsg
DA:121,0,genHDsC84NGAm0Lr+up+qQ
DA:145,0,I/UvgUIdm1YWL558qpxsAw
DA:154,0,m+4mRvWfRixXNFnr5PmwsQ
LF:72
LH:68
end_of_record
TN:
SF:bot/retrievers/summary_retriever_base.py
DA:1,1,3H1a4ALTm6+CsKOSplE0HQ
DA:2,1,qgap8v00S1Ud7dKp+nEVgg
DA:3,1,RdpxTAbMfKRSNi6jiLRhow
DA:4,1,S6WdzE5Nj4jcMIr2/RIeEA
DA:5,1,r/vTV1phZQGHkBIJdSWs9w
DA:8,1,uUFp+g6+u1KGwCpCapD0RA
DA:9,1,4LgMgWBGno1n5MNJ8WRFsQ
DA:36,1,+Cv21TkBoI5AI2DIkaXSUQ
DA:37,1,IMKXrfpxE/NMfZh6Hz035w
DA:39,1,giUPm3pCLbXkU0PTyH+bFw
DA:55,1,anaPnxi7G3x+uzrWDKUlIQ
DA:57,1,rosmnQjUb4d/mw28S/QFyA
DA:59,1,Gh3uqVxTsog8Q14gAbyV5g
DA:60,1,MTyrxoRbX0cdVfuQK+cdog
DA:62,1,5M8S6frycaNS3uQnlnMr2g
DA:64,1,8oWHAROlVU38/+SOWIYZ3g
DA:74,0,aTZE5skweNKnLAkkNEpaQw
DA:80,0,6m2c6rMWrwACEmomupZfAQ
DA:81,0,ItkzfojqvwK4mDljHSDeZQ
LF:19
LH:16
end_of_record
TN:
SF:bot/retrievers/utils/__init__.py
DA:0,1,1B2M2Y8AsgTpgAmY7PhCfg
LF:0
LH:0
end_of_record
TN:
SF:bot/retrievers/utils/load_hyperparams.py
DA:1,1,7Z9Lj4ed27Wf2hBX6jooEA
DA:3,1,oBn3m+aX07XSXyLZ7hhJvQ
DA:6,1,pALyYLvuXgvTjbXn92fkbQ
DA:21,1,uMN5/uIZZnp9nEAOplwhrg
DA:23,1,E0RQB+VgBEJ4QKNtxT2ZCQ
DA:24,1,obtvc0wXNzMHpam/R9pARQ
DA:25,1,xhBQ4Bxy/t+hksYxRkBLMg
DA:27,1,EevRcw2hn5gowSBZyczEKg
DA:28,1,oBoY/n2VDmZk3l8eOirLDg
DA:29,1,EsZQAiXrpsXDNrw17z9J5w
DA:30,1,HZ54ZIWn+eFEat0+ZEm5cg
DA:31,1,tl0+/G75a26GKwswbSpW7Q
DA:32,1,rGIsTu9A/YXl9CkiXRexpg
DA:34,1,zw4+yRAywnofajwDMr1yLQ
LF:14
LH:14
end_of_record
TN:
SF:utils/__init__.py
DA:0,1,1B2M2Y8AsgTpgAmY7PhCfg
LF:0
LH:0
end_of_record
TN:
SF:utils/credentials.py
DA:1,1,7Z9Lj4ed27Wf2hBX6jooEA
DA:3,1,oBn3m+aX07XSXyLZ7hhJvQ
DA:6,1,gvBB+eqYJmZEE370I4PLJw
DA:20,1,uMN5/uIZZnp9nEAOplwhrg
DA:22,1,YJqLCDyWmMT4Vt80XKej7A
DA:24,1,IxExvRJQkW08pwLjPeV+AA
DA:25,1,saUrv7XldTgMIzkqBUF3sw
DA:26,1,n5Fd4k6CRQXcqYOJ1AroeA
DA:27,1,5aSjAewLt9BgZu1M2CyLDg
DA:29,1,UrYRi5Ku4cGH9QytPbwuIg
DA:32,1,Cm8bLUg146j1KAg+xEigfA
DA:46,1,uMN5/uIZZnp9nEAOplwhrg
DA:48,1,r0VtMIE142HhS1QHUy84/Q
DA:50,1,sJYVqUX9JungmATURLwWTw
DA:51,1,7kGLhyj2Gz1FgT9D0bb9Vg
DA:52,1,+GdQ45oCl4mUsGv9HojWfg
DA:53,1,e710G8kzqt5PjHHCzkMTng
DA:55,1,H17V4FJl1OEtok8qC+q/+A
DA:58,1,kSnEDTyHvsGabszAxYqSww
DA:72,1,uMN5/uIZZnp9nEAOplwhrg
DA:74,1,/vIX4NRiJ6gfFdtd7v/5CA
DA:76,1,LnlORR7UjQKf3WTSqC+LpQ
DA:77,1,l8Cclrt4B4dMSzJot1zPcg
DA:78,1,hIKLCkB8Re7lOm0QLJbg6A
DA:79,1,y1aZfDdlZokMd4D/4FAmwA
DA:81,1,T7zGOSr3oGWrSM/CzDYDcw
LF:26
LH:26
end_of_record
TN:
SF:utils/data_source_selector.py
DA:1,1,OXA5GZhWrVnCdJ6JVjaTww
DA:2,1,6XxZigYIXTEoXqTlBNKh4A
DA:5,1,cq+6nGZ4L624r1Qu2pX9IA
DA:6,1,bDTSD3NwJzYLX9VLOWNrog
DA:21,1,OfPQ5nOrizIBxrqsb+18Ww
DA:22,1,khL+YRyaqSGXvXfJuXRwfw
DA:23,1,9FG7XLm0rLCGHwL0YJNB/w
DA:24,1,j1mUH+lpTuJQfouULXJ7Kg
DA:26,1,fEBuiKF4P+NVarquP1gmjQ
DA:27,1,QFftjygbzu3/aoWrwPWGhQ
DA:28,1,tNHEj4JtLDnMXIsuX0QWgA
DA:37,1,1GeTxQg5T4sfLOBh5IROaw
DA:38,1,HVyrBJ61ni9ux6MdUIeaUA
DA:41,1,pK1ZUnMvS6wV8z2nLw6pKg
DA:43,1,wzxE+BQWKgUayLEFKTCYmQ
LF:15
LH:15
end_of_record
TN:
SF:utils/fetch_community_id.py
DA:1,1,cJoQvc8d9CEP56sPh71adA
DA:4,1,lmwdGMkCHlWXv2nNm/Uxdw
DA:19,1,YjVJLe7hbK7XTWsOoFVj/w
DA:21,1,QA9dGGPTeIp07ShApLAF4A
DA:24,1,U4Sjk6MLNWi4lp3eZMYMcg
DA:25,1,A4crhuYlU3KiAJlkPHK9QQ
DA:26,1,nqKcow6NrIpARXr+QJdOSg
DA:27,1,QKuzwW865EXj8VNYNgSC9w
LF:8
LH:8
end_of_record
TN:
SF:utils/mongo.py
DA:1,1,EZEzNmL93PY96zsSuI0PfQ
DA:2,1,gGTQvjsCFZRTAK01JA8k5Q
DA:4,1,aQa914DmkZxIUR93SEZpuw
DA:6,1,7wOattRMH258CtQs+UrpsQ
DA:9,1,yl+B0YFGI3t/m+5Suhwqfg
DA:10,1,83sxBcOsVIr2WiCqCQbLZQ
DA:12,1,gFdnwIzxJ64X+nD2UauP7A
DA:13,1,nedGLtP1l6hUktBMlnMhYA
DA:16,1,9pf1HZayXGTtSA9Rvl+WMg
DA:17,1,quD3RtvYZgmdln2jYSS7tA
DA:18,1,CUeVzuv4ZHDgYpULPWrh+A
DA:19,1,p8beMpKHz8de2xpXvL/QrQ
DA:21,1,KxgaGtJPkScc4OG7mJ59vg
DA:22,1,UE5ijQ2kRfIL7H25RlfGsg
DA:23,1,/k6qkyUHhH0yi+zpCWRQEg
DA:24,1,atc/IsM8O08RY1DyTj03hA
DA:25,1,xvWIcpcyNr0gyGcTkdMxXw
DA:26,1,wqqc+RCz9O1/BPQQ/avpsw
DA:27,1,pqGPD3HqI8BK+o/OexZo/A
DA:31,1,kixoR3OQ3VPgFNcOZnJMCw
DA:33,1,BN/xY+w6ECzfgEoHXowADw
DA:34,1,fgy3JEj8zwF+XOMFGgrcLQ
DA:37,1,ta6BcHtLzbVui7kSYavGHg
DA:38,1,hsfmwwQPyB4q/pQbrCvugg
DA:39,1,XDsjAHuILiKaPifDcNRk/A
DA:40,1,OLNS5e2ODcauq2phB8fr4A
DA:41,1,D4zo9qN1NT7YrDJBIRiK+A
DA:43,1,IBgmfx3PCWZ6RwfdTKp+Fg
DA:45,1,E2z+ad+nCvPlAX1NpKcGVw
DA:14,0,+QJTRb5rAKExUUr0WnnqAg
DA:28,0,LFZOE01yWzhpu4V3LUU0kw
DA:29,0,KQd83bxFJN5wqRs65ZHiAg
LF:32
LH:29
end_of_record
TN:
SF:utils/qdrant_utils.py
DA:1,1,ntJL14mrBgAly/E3tslOUg
DA:4,1,t9LFvlhmTNDcbcR06swJFA
DA:5,1,NBGY7hW3zO9IDJGSxYPIgQ
DA:15,1,bxcqzIMUQ67BtZZ0H64HWQ
DA:16,1,lwSaYcYgqD6duWfx8iDyCg
DA:18,1,o9EuHdH+gpLJ8BZ0vpjMdg
DA:32,1,RI9Ka1LT1e/iffNnfq+bLg
DA:33,1,flM9IHJmqBjqVddLMZTPMg
DA:34,1,nAYiUkgpfqrBg3mJ07kzXA
LF:9
LH:9
end_of_record
TN:
SF:utils/query_engine/__init__.py
DA:2,1,Vnj8yLJpJ/wVehtFqro6mg
DA:3,1,Yen9HUSDB0Wd67+ldfKlng
DA:4,1,/+xElf2yXN2V7g/cx46R4w
DA:5,1,+faw0bsltOVhGJ4yjZDL9Q
DA:6,1,d8GL/JuynocTO/XRp6VV+Q
DA:7,1,J4oH3WJqtVVhhLElWxqk+A
LF:6
LH:6
end_of_record
TN:
SF:utils/query_engine/base_pg_engine.py
DA:1,1,VRsPke+iz1KOD5Ylfx/vow
DA:2,1,tv1rZhcNs3rWaZFnKxX8AA
DA:3,1,9zqOVuK2+mKhEfPQ8X750Q
DA:4,1,i4oCYN8ZAW8fFZiqSKryuQ
DA:5,1,1rLMUIEu7V96D7PKPUCUeQ
DA:6,1,wkfOwWcqhgnKREP2SoBl+A
DA:7,1,r/vTV1phZQGHkBIJdSWs9w
DA:10,1,1bcURF390sME4Zf7IEeg+A
DA:11,1,H8dNfXkovyjk0TB6ywYU0w
DA:25,1,NcYJVT1t86PY5bH1L4WMag
DA:26,1,lwSaYcYgqD6duWfx8iDyCg
DA:27,1,8CZJFonIL+691rDOKQSd8g
DA:29,1,LYmpQR52gMFxj5cQAgvBmw
DA:44,1,xOFEHQFRGWy9u/WDYjQNqw
DA:62,1,bAiir3mXHBEtXikoRFEOPw
DA:63,1,g/SCiHtEQsEcR+wXlI7gqQ
DA:66,1,C6ZtZYzya5SESpmY0jNCRw
DA:67,1,/NgtN11YZmhPFCQOzPd8bA
DA:69,1,DougZ9SUAHum4wQgjTyO4w
DA:71,1,xJlRV8Kxyu7FST2sQDK4bg
DA:73,1,v6Z2he5grryd4Z0ffKpgOA
DA:79,1,oaD/kc+MzLZ0/CzfGaJX2A
DA:80,1,ItkzfojqvwK4mDljHSDeZQ
DA:30,0,s4JEvRyP+y43QrQVUGI17A
DA:33,0,kihnT3XHavhUNbNr4ho+6g
DA:35,0,VBOpcm7qtCU0WDTcl8sXBw
DA:38,0,iXXJG8Mlu5JagixPsayHsw
DA:42,0,rRmN9Dhy/+TqccGt2h3m4A
LF:28
LH:23
end_of_record
TN:
SF:utils/query_engine/base_qdrant_engine.py
DA:1,1,tv1rZhcNs3rWaZFnKxX8AA
DA:2,1,9zqOVuK2+mKhEfPQ8X750Q
DA:3,1,Epduv66JxgjoxUaCT3nS2g
DA:6,1,1rLMUIEu7V96D7PKPUCUeQ
DA:7,1,6yg1SvuqaHW9gVNVzNYVrg
DA:10,1,HYj/N35l9bZAx7FsPcM3Zg
DA:11,1,H8dNfXkovyjk0TB6ywYU0w
DA:25,1,NcYJVT1t86PY5bH1L4WMag
DA:26,1,lwSaYcYgqD6duWfx8iDyCg
DA:27,1,nHZNxusJFY2cf/fBKlEIRw
DA:29,1,LYmpQR52gMFxj5cQAgvBmw
DA:30,1,3x3ebQUpyH0B5GozBlXRsg
DA:33,1,kihnT3XHavhUNbNr4ho+6g
DA:35,1,y/eQGOxxhvfE76tIHc6cwQ
DA:39,1,iXXJG8Mlu5JagixPsayHsw
DA:43,1,rRmN9Dhy/+TqccGt2h3m4A
DA:45,1,xOFEHQFRGWy9u/WDYjQNqw
DA:61,1,cNSMxn65O/ZzNyMdX/7n0g
DA:62,1,o0upLLxBXoxpEIXpEFDjrw
DA:66,1,ISnP9S4BsPcPJGVvKfraWA
DA:67,1,ItkzfojqvwK4mDljHSDeZQ
LF:21
LH:21
end_of_record
TN:
SF:utils/query_engine/gdrive.py
DA:1,1,C8DhKIOrNkqmLLr7blG7vw
DA:4,1,66+KyTBbTDXPKLFpM19sEg
DA:5,1,NBGY7hW3zO9IDJGSxYPIgQ
DA:6,1,/Hs5KWsUByIj7S7tOxnUAw
DA:7,1,QC64UFI8neRNXWDeZEm1Zg
LF:5
LH:5
end_of_record
TN:
SF:utils/query_engine/github.py
DA:1,1,C8DhKIOrNkqmLLr7blG7vw
DA:4,1,ZADGWypDUyWGLHxGn9Lzog
DA:5,1,NBGY7hW3zO9IDJGSxYPIgQ
DA:6,1,+B610GO5jHoGxR6V4GkacA
DA:7,1,QC64UFI8neRNXWDeZEm1Zg
LF:5
LH:5
end_of_record
TN:
SF:utils/query_engine/level_based_platform_query_engine.py
DA:1,1,EZEzNmL93PY96zsSuI0PfQ
DA:3,1,nOgG6xCCb4HBDSN3x9QS5A
DA:4,1,xeVnH2DNgPEjUcwgJVQehQ
DA:5,1,tv1rZhcNs3rWaZFnKxX8AA
DA:6,1,3H1a4ALTm6+CsKOSplE0HQ
DA:7,1,DDgKR+7enopNKdkqI8I62w
DA:8,1,22ORhkU2P3imK0vCquiKNQ
DA:9,1,WKJgOHAAbKxKt/3sZtK63g
DA:13,1,7FwFHH3k33riE6ReKUYWUw
DA:14,1,ZwFry2q3ybNGgdFz5V3nNw
DA:15,1,DCDK4Yl+/ELe6m+70OYJ1g
DA:16,1,gIY0rCnKSLWVSRd76jn1Mg
DA:17,1,sJebj/U8hMCZj5D1eM0aJg
DA:19,1,YjzuKhn/xRwHSBjOcQhsdA
DA:31,1,aAaxbH5EhJE64W9zBhIF9g
DA:32,1,3Yt4nvHJdyo2mqZ49Tnj5w
DA:33,1,wtC4abIbxsngso+ns9k6vw
DA:34,1,kAXWcSibUmRxDnaE5g0mJQ
DA:35,1,lyWcrb86KF2Hcx929BzmxQ
DA:37,1,p2Qx/bziJstmcY6BKOsgBA
DA:56,1,Nnqu9X+lU2lagW39QNhFWA
DA:57,1,aQZXZHzGnOZY9rrOd6/wvQ
DA:112,1,+AoWudgyI70lgbtxX7lqig
DA:114,1,5YOAMYmqtQNtDb2irXQR0w
DA:117,1,y55N4o1rvRJyLK/0r/5L7A
DA:118,1,WXOqRntq6K1mGRBen+UcbA
DA:119,1,zBvKWW8jFIhbdTFZsnTXVA
DA:120,1,lLRy3eVWI8Pt8RNaSKBsug
DA:126,1,TC5ZkNxN5KKk7z8DTijqjg
DA:128,1,O8d2LBsxkTL8X4P7tH1g7A
DA:129,1,r9RgqFbQ/+jUw8oOkCWalw
DA:138,1,mkH3WvSUvL2/3P24Hu7cKA
DA:139,1,h4T9Vvca+5tmqAtyyyXNyg
DA:141,1,tDdqYg3dq/wD/tVD8vu9/g
DA:143,1,KTtT/NxaurUIwrbxcvtcaA
DA:144,1,yKiHkJzAUkqGbTUr32ub9Q
DA:145,1,kj6Z4kNQl+AXmKR+j3zAYA
DA:147,1,nuShR7aDtL9Tmh7gKu9FIw
DA:154,1,Nnqu9X+lU2lagW39QNhFWA
DA:155,1,lafnpJ+CQMAdI8iasAI41A
DA:198,1,+AoWudgyI70lgbtxX7lqig
DA:199,1,c6q+PcdvoDVhU0DNZ1PvZg
DA:201,1,8rFzc+DLQVEr0zGZDWPbCw
DA:206,1,IYUyGR2ggWDMKtKUakHiKw
DA:209,1,7JZtaXtmzqywgswRvQt7+A
DA:211,1,jepe1mImdRVnsx4Js59XKg
DA:216,1,58c+JAyIdGn+tNpgL+tKQg
DA:219,1,J19yyj1rBA+MjKawC6oHOg
DA:223,1,V/hzcQrmu7D3FUS+Uvd8tA
DA:229,1,kn8wpgTeUaT9YyomopUMhA
DA:239,1,evg8qzxYp7Is+U7oBQ4HWg
DA:240,1,izA1BjWd1igKsXjjoKSKQw
DA:244,1,C6bghf8IPyZTFyYwr+agEQ
DA:245,1,9ztu/13sn+eyjgOcCfcsGQ
DA:246,1,J6uEf5KSYdEBC2a35vgBfw
DA:247,1,zRB9nprox4hkMNnasm1DfQ
DA:248,1,h4T9Vvca+5tmqAtyyyXNyg
DA:249,1,0fJTQHj5cDj1/stYiH+PTw
DA:251,1,HJIEUG2cMkYCGEwwS43VRw
DA:255,1,PH3ft6eUMPDGM/KLBdxVvA
DA:262,1,sgXKOyybp4yEVrJLhkOkkQ
DA:264,1,SHylApe6S33xsDgn0BMOCA
DA:270,1,hRgQD5up9E4XZrIkKN425g
DA:272,1,U9dLMFnDTp4r1/r38zkvng
DA:273,1,VdJ5KSGdN1AmU/IO2DW8vg
DA:277,1,pu4uDADWR92AgQ4lElnXng
DA:280,1,C87Lpztr4KKJLFNDJA1OTQ
DA:308,1,9/pmpwUZHacFljsBY7h3sA
DA:309,1,at/HVooxpizTsAJ4uAUG7w
DA:314,1,KXVUWpE1ypka5ImuW1QMpA
DA:320,1,VH4nv2g4YIj+iGTWpSQYIA
DA:323,1,LrdimJrx2agAR/ZKdZ1A9A
DA:344,1,kXJz5rsWvT06VgqAoVleRw
DA:346,1,uBcLKYMt4YuMysNBii+5yw
DA:40,0,jepe1mImdRVnsx4Js59XKg
DA:45,0,mHs0z5vDWZxuReGU6yh4VQ
DA:49,0,9+0wI5fq5LfHNN4soQijpg
DA:50,0,GkNF20k0ddXAQjklAJZQmA
DA:51,0,b9ewJXUvjgWBkQaDeA8l8w
DA:52,0,ty2ljlDXsDfuBiNGV+Op0g
DA:54,0,KPoxs3J/EBRSZ4FRpyqT9Q
DA:242,0,9FqK6DjAyzNXTmh2W+ebfw
DA:281,0,FjBQWq9IG4J6Cm7RfALnWA
DA:286,0,Gz5HHhWWOcMzaSURTUFBUw
DA:294,0,at/HVooxpizTsAJ4uAUG7w
DA:297,0,9/pmpwUZHacFljsBY7h3sA
DA:298,0,KXVUWpE1ypka5ImuW1QMpA
DA:304,0,VH4nv2g4YIj+iGTWpSQYIA
DA:324,0,6ChizqLUbucwiNDDkJLrDA
DA:328,0,5lqBTTJ5h43YzUS8pQ4tog
DA:333,0,eZP1y6iLmUAlnhAelnCupw
DA:336,0,5YBDint/C2L/36Y30bS/pg
DA:342,0,lMU2/UJ7v9WOAuw2dFSC7A
LF:93
LH:74
end_of_record
TN:
SF:utils/query_engine/level_based_platforms_util.py
DA:1,1,EZEzNmL93PY96zsSuI0PfQ
DA:3,1,KA9tLtxJCmXGWOalg5c/zA
DA:4,1,ZwFry2q3ybNGgdFz5V3nNw
DA:7,1,1n0+DB+0GKrFV9FTWNebSA
DA:8,1,2rHnDUvBBQWvCCEwdSz4mw
DA:9,1,PeQpl/2nVKsQpLWJOzEqQw
DA:10,1,zRgFE7FqhvZdMz1X95SX7Q
DA:11,1,GHz25t/A39Sr/cnYnniNCQ
DA:13,1,HNZxq1ze/z5tqRDtNZKTdA
DA:20,1,UBWWkmgHPHVfsMCI1Fsajw
DA:38,1,uBcLKYMt4YuMysNBii+5yw
DA:40,1,3z0QwSAFw5zRa9xwH+rgEA
DA:62,1,eLOsbqmnKW0+8kNbMCMDLg
DA:65,1,osmxeRTnhC30Fq8zkebgGw
DA:67,1,qZMvO0jjLdJVah0rd8S/jw
DA:68,1,Qkf8eNyjQqG0IH7RqJQ3+w
DA:69,1,PY15Nh0HkYgRKH6u93BSJQ
DA:70,1,68Yt75DazluknIc6D2DJXw
DA:73,1,GmbNDixOUUQ8VA997/7nbw
DA:77,1,mItPeXzAYUKXS9vXTJTWYw
DA:79,1,IsCQ9tgCFPPgq6WnIOsimw
DA:81,1,DvnMWQ7HgHURrxiyFIgH4g
DA:99,1,hRgQD5up9E4XZrIkKN425g
DA:101,1,9dqwsZzGUS6Yl4TftdS6GQ
DA:103,1,gJ439ucMTM4q5oT2Tov/Lw
DA:107,1,e440eUgPColUOy6pY34qVQ
DA:108,1,2SGzQDtqdvV4c37zEjo8Mw
DA:109,1,YSXhRM4A5II45l7DOsPJzw
DA:110,1,fPZKnSTL7HTWx6ZDYv5gLA
DA:113,1,rf+yiaZsFd2skz8OTryeUA
DA:118,1,sRbiZiQQFviDtVPK4JvfLg
DA:119,1,n6gf1L4xPtondA2Fo95wQg
DA:125,1,jqi+MeL/wMiw3ev5TkYnbw
DA:127,1,zJ63EizQBDp4hcpXusKZkw
DA:128,1,oNfSos/b+wErmWh2QP+c8A
DA:154,1,JnuqTw09b0rXs7pyJ5g2sQ
DA:158,1,q8024D2AVZGkIsSbhHUOdQ
DA:159,1,pLfMADHw+eGw8ECl0Z5aSw
DA:160,1,E8AYJN10pVbhOioFIMeHAA
DA:167,1,RczncNMSMdyFin4BxazGXg
DA:176,1,XTmIht7CQjYJLiUKNyewJQ
DA:179,1,kIUZ7J+O00xTJkiiIyNlaA
DA:183,1,UVbveT4931BLF02gVy8O/w
DA:184,1,noAL/2Aq9wHOV6+GxdUZzw
DA:190,1,F4xCoijosIqQAkElo3fWEg
DA:135,0,gFvTFqI1qeC4aC0n/wkg7g
DA:138,0,oNfSos/b+wErmWh2QP+c8A
DA:145,0,Y+9Cpj0wdzCrYKkYoQEr2w
DA:147,0,oNfSos/b+wErmWh2QP+c8A
LF:49
LH:45
end_of_record
TN:
SF:utils/query_engine/media_wiki.py
DA:1,1,C8DhKIOrNkqmLLr7blG7vw
DA:4,1,NRapDFy+V5xvFfDLz5AwKw
DA:5,1,NBGY7hW3zO9IDJGSxYPIgQ
DA:6,1,0DvXG5U+Mac124OTxMZ50g
DA:7,1,QC64UFI8neRNXWDeZEm1Zg
LF:5
LH:5
end_of_record
TN:
SF:utils/query_engine/notion.py
DA:1,1,C8DhKIOrNkqmLLr7blG7vw
DA:4,1,taUtbU69r/u+KwuhqbZXwQ
DA:5,1,NBGY7hW3zO9IDJGSxYPIgQ
DA:6,1,WApUn0uoi5HwYH8FxulgWw
DA:7,1,QC64UFI8neRNXWDeZEm1Zg
LF:5
LH:5
end_of_record
TN:
SF:utils/query_engine/prepare_discord_query_engine.py
DA:1,1,FI1BbsECoGeHqt8kW925Kg
DA:3,1,O/Qn0s4Cmfehw44CStHXEw
DA:6,1,hvsmyd45Rodf/tBfNPWgPw
DA:34,1,q+12rfq5jrwpiWDQodqLhg
DA:35,1,eQava1okCaI1vmj/z0O7vw
DA:41,1,v4mNTOz+svYfaDNdHA++JA
DA:44,1,4OTfIyNPew3rgYQKc0Uofw
DA:68,0,oXzDsL38DFI/SF5Wkrqijg
DA:77,0,YRW/xAcZ0a28FDbybpQOAQ
LF:9
LH:7
end_of_record
TN:
SF:utils/query_engine/prepare_discourse_query_engine.py
DA:1,1,FI1BbsECoGeHqt8kW925Kg
DA:3,1,O/Qn0s4Cmfehw44CStHXEw
DA:6,1,SJPP3rgXO4WKqYx8e9xnJA
DA:31,1,q+12rfq5jrwpiWDQodqLhg
DA:32,1,eQava1okCaI1vmj/z0O7vw
DA:39,1,v4mNTOz+svYfaDNdHA++JA
DA:42,1,ts/D49naBdnJYvavhOMruw
DA:65,0,oXzDsL38DFI/SF5Wkrqijg
DA:73,0,YRW/xAcZ0a28FDbybpQOAQ
LF:9
LH:7
end_of_record
TN:
SF:utils/query_engine/subquery_gen_prompt.py
DA:1,1,OaTlemF3bXMi5MP7Db8vkQ
DA:2,1,da4F/HJkmdp35fCZoBYhug
DA:4,1,0+n0VDq2WJj6tgatFS0N1A
DA:5,1,p7jXd7VVorunNziWj6uTSQ
DA:6,1,3qjx/WnOrCQjYiF4JZTaTw
DA:9,1,JbdHvfcPRGbdQrtxirTU3Q
DA:10,1,GO/ZdycP15VWEePnEr38TQ
DA:11,1,O0J31uRmy1IE8NTEkT6wjA
DA:12,1,xUsGrHzeZSrjujDYvG8rqQ
DA:13,1,yqdV1UNZupsu1vbhHyQTNw
DA:16,1,YShAQ9o49XB7DbWwXU+SiA
DA:23,1,olsSoI2ZhROpde/oLnsWsA
DA:27,1,hgSlxMu28mzot0TyCC/FXA
DA:37,1,oH4MclLKdozptQeZO7CXFA
DA:38,1,iNdFOle/XUxgJDNuyCqOpQ
DA:46,1,PKlGrs30MCJpf45GqcuU3w
DA:48,1,FOJMonFW9MigPvGx3lVkRA
DA:70,1,d5ujy6JQKRcuZhFUBFDqMA
DA:83,1,K/JLImFIZiBQYyJ5dS7jTQ
DA:84,1,rU3AJeD7nrlk8aGyggdiXQ
LF:20
LH:20
end_of_record
